android/app/build/outputs/mapping/release/seeds.txt
com.aprrow.MainActivity
com.aprrow.MainActivity: MainActivity()
com.aprrow.MainApplication
com.aprrow.MainApplication: MainApplication()
com.aprrow.R$anim: int abc_fade_in
com.aprrow.R$anim: int abc_fade_out
com.aprrow.R$anim: int abc_grow_fade_in_from_bottom
com.aprrow.R$anim: int abc_popup_enter
com.aprrow.R$anim: int abc_popup_exit
com.aprrow.R$anim: int abc_shrink_fade_out_from_bottom
com.aprrow.R$anim: int abc_slide_in_bottom
com.aprrow.R$anim: int abc_slide_in_top
com.aprrow.R$anim: int abc_slide_out_bottom
com.aprrow.R$anim: int abc_slide_out_top
com.aprrow.R$anim: int abc_tooltip_enter
com.aprrow.R$anim: int abc_tooltip_exit
com.aprrow.R$anim: int catalyst_fade_in
com.aprrow.R$anim: int catalyst_fade_out
com.aprrow.R$anim: int catalyst_push_up_in
com.aprrow.R$anim: int catalyst_push_up_out
com.aprrow.R$anim: int catalyst_slide_down
com.aprrow.R$anim: int catalyst_slide_up
com.aprrow.R$anim: int com_mixpanel_android_fade_in
com.aprrow.R$anim: int com_mixpanel_android_fade_out
com.aprrow.R$anim: int ucrop_loader_circle_path
com.aprrow.R$anim: int ucrop_loader_circle_scale
com.aprrow.R$animator: int com_mixpanel_android_slide_down
com.aprrow.R$attr: int actionBarDivider
com.aprrow.R$attr: int actionBarItemBackground
com.aprrow.R$attr: int actionBarPopupTheme
com.aprrow.R$attr: int actionBarSize
com.aprrow.R$attr: int actionBarSplitStyle
com.aprrow.R$attr: int actionBarStyle
com.aprrow.R$attr: int actionBarTabBarStyle
com.aprrow.R$attr: int actionBarTabStyle
com.aprrow.R$attr: int actionBarTabTextStyle
com.aprrow.R$attr: int actionBarTheme
com.aprrow.R$attr: int actionBarWidgetTheme
com.aprrow.R$attr: int actionButtonStyle
com.aprrow.R$attr: int actionDropDownStyle
com.aprrow.R$attr: int actionLayout
com.aprrow.R$attr: int actionMenuTextAppearance
com.aprrow.R$attr: int actionMenuTextColor
com.aprrow.R$attr: int actionModeBackground
com.aprrow.R$attr: int actionModeCloseButtonStyle
com.aprrow.R$attr: int actionModeCloseDrawable
com.aprrow.R$attr: int actionModeCopyDrawable
com.aprrow.R$attr: int actionModeCutDrawable
com.aprrow.R$attr: int actionModeFindDrawable
com.aprrow.R$attr: int actionModePasteDrawable
com.aprrow.R$attr: int actionModePopupWindowStyle
com.aprrow.R$attr: int actionModeSelectAllDrawable
com.aprrow.R$attr: int actionModeShareDrawable
com.aprrow.R$attr: int actionModeSplitBackground
com.aprrow.R$attr: int actionModeStyle
com.aprrow.R$attr: int actionModeWebSearchDrawable
com.aprrow.R$attr: int actionOverflowButtonStyle
com.aprrow.R$attr: int actionOverflowMenuStyle
com.aprrow.R$attr: int actionProviderClass
com.aprrow.R$attr: int actionViewClass
com.aprrow.R$bool: int abc_action_bar_embed_tabs
com.aprrow.R$bool: int abc_allow_stacked_button_bar
com.aprrow.R$bool: int abc_config_actionMenuItemAllCaps
com.aprrow.R$bool: int abc_config_showMenuShortcutsWhenKeyboardPresent
...
com.google.android.gms.auth.api.proxy.ProxyResponse: android.os.Parcelable$Creator CREATOR
com.google.android.gms.auth.api.signin.GoogleSignInAccount
com.google.android.gms.auth.api.signin.GoogleSignInAccount: android.os.Parcelable$Creator CREATOR
com.google.android.gms.auth.api.signin.GoogleSignInOptions
com.google.android.gms.auth.api.signin.GoogleSignInOptions: android.os.Parcelable$Creator CREATOR
com.google.android.gms.auth.api.signin.RevocationBoundService
com.google.android.gms.auth.api.signin.RevocationBoundService: RevocationBoundService()
com.google.android.gms.auth.api.signin.SignInAccount
com.google.android.gms.auth.api.signin.SignInAccount: android.os.Parcelable$Creator CREATOR
com.google.android.gms.auth.api.signin.internal.GoogleSignInOptionsExtensionParcelable: android.os.Parcelable$Creator CREATOR
com.google.android.gms.auth.api.signin.internal.SignInConfiguration
com.google.android.gms.auth.api.signin.internal.SignInConfiguration: android.os.Parcelable$Creator CREATOR
com.google.android.gms.auth.api.signin.internal.SignInHubActivity
com.google.android.gms.auth.api.signin.internal.SignInHubActivity: SignInHubActivity()
com.google.android.gms.base.R$attr: int buttonSize
com.google.android.gms.base.R$attr: int circleCrop
com.google.android.gms.base.R$attr: int colorScheme
com.google.android.gms.base.R$attr: int imageAspectRatio
com.google.android.gms.base.R$attr: int imageAspectRatioAdjust
com.google.android.gms.base.R$attr: int scopeUris
com.google.android.gms.base.R$color: int common_google_signin_btn_text_dark
com.google.android.gms.base.R$color: int common_google_signin_btn_text_dark_default
com.google.android.gms.base.R$color: int common_google_signin_btn_text_dark_disabled
com.google.android.gms.base.R$color: int common_google_signin_btn_text_dark_focused
com.google.android.gms.base.R$color: int common_google_signin_btn_text_dark_pressed
com.google.android.gms.base.R$color: int common_google_signin_btn_text_light
com.google.android.gms.base.R$color: int common_google_signin_btn_text_light_default
com.google.android.gms.base.R$color: int common_google_signin_btn_text_light_disabled
com.google.android.gms.base.R$color: int common_google_signin_btn_text_light_focused
com.google.android.gms.base.R$color: int common_google_signin_btn_text_light_pressed
com.google.android.gms.base.R$color: int common_google_signin_btn_tint
com.google.android.gms.base.R$drawable: int common_full_open_on_phone
com.google.android.gms.base.R$drawable: int common_google_signin_btn_icon_dark
com.google.android.gms.base.R$drawable: int common_google_signin_btn_icon_dark_focused
com.google.android.gms.base.R$drawable: int common_google_signin_btn_icon_dark_normal
com.google.android.gms.base.R$drawable: int common_google_signin_btn_icon_dark_normal_background
com.google.android.gms.base.R$drawable: int common_google_signin_btn_icon_disabled
com.google.android.gms.base.R$drawable: int common_google_signin_btn_icon_light
com.google.android.gms.base.R$drawable: int common_google_signin_btn_icon_light_focused
com.google.android.gms.base.R$drawable: int common_google_signin_btn_icon_light_normal
com.google.android.gms.base.R$drawable: int common_google_signin_btn_icon_light_normal_background
com.google.android.gms.base.R$drawable: int common_google_signin_btn_text_dark
com.google.android.gms.base.R$drawable: int common_google_signin_btn_text_dark_focused
com.google.android.gms.base.R$drawable: int common_google_signin_btn_text_dark_normal
com.google.android.gms.base.R$drawable: int common_google_signin_btn_text_dark_normal_background
com.google.android.gms.base.R$drawable: int common_google_signin_btn_text_disabled
com.google.android.gms.base.R$drawable: int common_google_signin_btn_text_light
com.google.android.gms.base.R$drawable: int common_google_signin_btn_text_light_focused