android/app/build/outputs/mapping/release/usage.txt
com.aprrow.BuildConfig
com.aprrow.Databasehelper:
    36:36:public android.database.sqlite.SQLiteDatabase getDb()
    48:59:public boolean checkDataBase()
com.aprrow.MainActivity$TestActivityDelegate:
    private static final java.lang.String TEST1
    private static final java.lang.String TEST2
com.aprrow.Manifest
com.aprrow.Manifest$permission
com.aprrow.R
com.aprrow.R$anim
com.aprrow.R$animator
com.aprrow.R$attr
com.aprrow.R$bool
com.aprrow.R$color
com.aprrow.R$dimen
com.aprrow.R$drawable
com.aprrow.R$id
com.aprrow.R$integer
com.aprrow.R$layout
com.aprrow.R$menu
com.aprrow.R$mipmap
com.aprrow.R$string
com.aprrow.R$style
com.aprrow.R$styleable
com.aprrow.R$xml
com.aprrow.widget.homescreewidget:
    public static final java.lang.String APPLICATION_PACKAGE
    public static final java.lang.String ACTION_LAUNCH
    public static final java.lang.String EXTRA_APP_PACKAGE
    public static final java.lang.String PREFS_NAME
    public static final java.lang.String DATABASE_NAME
    private static final java.lang.String GENERATED_ID
    public static final java.lang.String ACTION_FULLSCREEN
...
android.support.annotation.FractionRes
android.support.annotation.GuardedBy
android.support.annotation.HalfFloat
android.support.annotation.IdRes
android.support.annotation.IntDef
android.support.annotation.IntRange
android.support.annotation.IntegerRes
android.support.annotation.InterpolatorRes
android.support.annotation.LayoutRes
android.support.annotation.LongDef
android.support.annotation.MainThread
android.support.annotation.MenuRes
android.support.annotation.NavigationRes
android.support.annotation.NonNull
android.support.annotation.Nullable
android.support.annotation.PluralsRes
android.support.annotation.Px
android.support.annotation.RawRes
android.support.annotation.RequiresApi
android.support.annotation.RequiresPermission
android.support.annotation.RequiresPermission$Read
android.support.annotation.RequiresPermission$Write
android.support.annotation.RestrictTo
android.support.annotation.RestrictTo$Scope
android.support.annotation.Size
android.support.annotation.StringDef
android.support.annotation.StringRes
android.support.annotation.StyleRes
android.support.annotation.StyleableRes
android.support.annotation.TransitionRes
android.support.annotation.UiThread
android.support.annotation.VisibleForTesting
android.support.annotation.WorkerThread
android.support.annotation.XmlRes
android.support.compat.R:
    9:9:public R()
android.support.compat.R$attr
android.support.compat.R$bool
android.support.compat.R$color
android.support.compat.R$dimen
android.support.compat.R$drawable
android.support.compat.R$id:
    66:66:public R$id()
android.support.compat.R$integer
android.support.compat.R$layout
android.support.compat.R$string
android.support.compat.R$style
android.support.compat.R$styleable:
    117:117:public R$styleable()
android.support.coreui.R
android.support.coreui.R$attr
android.support.coreui.R$bool
android.support.coreui.R$color
android.support.coreui.R$dimen
android.support.coreui.R$drawable
android.support.coreui.R$id
android.support.coreui.R$integer
android.support.coreui.R$layout
android.support.coreui.R$string
android.support.coreui.R$style
android.support.coreui.R$styleable
android.support.coreutils.R
android.support.coreutils.R$attr
android.support.coreutils.R$bool
android.support.coreutils.R$color
android.support.coreutils.R$dimen
android.support.coreutils.R$drawable
android.support.coreutils.R$id
android.support.coreutils.R$integer
android.support.coreutils.R$layout
android.support.coreutils.R$string
android.support.coreutils.R$style
android.support.coreutils.R$styleable
android.support.customtabs.BuildConfig
android.support.customtabs.CustomTabsCallback
android.support.customtabs.CustomTabsClient
android.support.customtabs.CustomTabsClient$1
android.support.customtabs.CustomTabsClient$2
android.support.customtabs.CustomTabsClient$2$1
android.support.customtabs.CustomTabsClient$2$2
android.support.customtabs.CustomTabsClient$2$3
android.support.customtabs.CustomTabsClient$2$4